<?xml version="1.0" encoding="UTF-8"?>
<!-- Generated by org.testng.reporters.JUnitReportReporter -->
<testsuite hostname="IN-3BC9BK3" failures="0" tests="1" name="TestPackage.LoginClass" time="2.073" errors="0" timestamp="2024-01-23T12:55:34 IST" skipped="0">
  <testcase classname="TestPackage.LoginClass" name="LoginPOM" time="2.073"/>
  <system-out/>
</testsuite> <!-- TestPackage.LoginClass -->
