<?xml version="1.0" encoding="UTF-8"?>
<!-- Generated by org.testng.reporters.JUnitReportReporter -->
<testsuite hostname="IN-FZSZ9K3" failures="0" tests="1" name="TestPackage.LoginPage" time="3.276" errors="0" timestamp="2024-01-09T12:23:50 IST" skipped="0">
  <testcase classname="TestPackage.LoginPage" name="LoginPOM" time="3.276"/>
  <system-out/>
</testsuite> <!-- TestPackage.LoginPage -->
