<?xml version="1.0" encoding="UTF-8"?>
<!-- Generated by org.testng.reporters.JUnitReportReporter -->
<testsuite hostname="IN-FZSZ9K3" failures="0" tests="1" name="TestPackage.OrderClass" time="4.738" errors="0" timestamp="2024-01-09T18:15:56 IST" skipped="0">
  <testcase classname="TestPackage.OrderClass" name="order" time="4.738"/>
  <system-out/>
</testsuite> <!-- TestPackage.OrderClass -->
